Using pre-set license
Built from '2022.3/staging' branch; Version is '2022.3.24f1 (334eb2a0b267) revision 3362482'; Using compiler version '192829333'; Build Type 'Release'
OS: 'Windows 10  (10.0.19045) 64bit Core' Language: 'sv' Physical Memory: 16301 MB
BatchMode: 1, IsHumanControllingUs: 0, StartBugReporterOnCrash: 0, Is64bit: 1, IsPro: 1

COMMAND LINE ARGUMENTS:
D:\Unity\2022.3.24f1\Editor\Unity.exe
-adb2
-batchMode
-noUpm
-name
AssetImportWorker0
-projectPath
C:/Users/mahon/Desktop/Cappy_spel/Procerduell_ljud_projekt/Step_sounds
-logFile
Logs/AssetImportWorker0.log
-srvPort
53857
Successfully changed project path to: C:/Users/mahon/Desktop/Cappy_spel/Procerduell_ljud_projekt/Step_sounds
C:/Users/mahon/Desktop/Cappy_spel/Procerduell_ljud_projekt/Step_sounds
[UnityMemory] Configuration Parameters - Can be set up in boot.config
    "memorysetup-bucket-allocator-granularity=16"
    "memorysetup-bucket-allocator-bucket-count=8"
    "memorysetup-bucket-allocator-block-size=33554432"
    "memorysetup-bucket-allocator-block-count=8"
    "memorysetup-main-allocator-block-size=16777216"
    "memorysetup-thread-allocator-block-size=16777216"
    "memorysetup-gfx-main-allocator-block-size=16777216"
    "memorysetup-gfx-thread-allocator-block-size=16777216"
    "memorysetup-cache-allocator-block-size=4194304"
    "memorysetup-typetree-allocator-block-size=2097152"
    "memorysetup-profiler-bucket-allocator-granularity=16"
    "memorysetup-profiler-bucket-allocator-bucket-count=8"
    "memorysetup-profiler-bucket-allocator-block-size=33554432"
    "memorysetup-profiler-bucket-allocator-block-count=8"
    "memorysetup-profiler-allocator-block-size=16777216"
    "memorysetup-profiler-editor-allocator-block-size=1048576"
    "memorysetup-temp-allocator-size-main=16777216"
    "memorysetup-job-temp-allocator-block-size=2097152"
    "memorysetup-job-temp-allocator-block-size-background=1048576"
    "memorysetup-job-temp-allocator-reduction-small-platforms=262144"
    "memorysetup-allocator-temp-initial-block-size-main=262144"
    "memorysetup-allocator-temp-initial-block-size-worker=262144"
    "memorysetup-temp-allocator-size-background-worker=32768"
    "memorysetup-temp-allocator-size-job-worker=262144"
    "memorysetup-temp-allocator-size-preload-manager=33554432"
    "memorysetup-temp-allocator-size-nav-mesh-worker=65536"
    "memorysetup-temp-allocator-size-audio-worker=65536"
    "memorysetup-temp-allocator-size-cloud-worker=32768"
    "memorysetup-temp-allocator-size-gi-baking-worker=262144"
    "memorysetup-temp-allocator-size-gfx=262144"
Player connection [26364] Host "[IP] 192.168.1.7 [Port] 0 [Flags] 2 [Guid] 2717180519 [EditorId] 2717180519 [Version] 1048832 [Id] WindowsEditor(7,DESKTOP-D9Q4C5R) [Debug] 1 [PackageName] WindowsEditor [ProjectName] Editor" joined multi-casting on [225.0.0.222:54997]...

Player connection [26364] Host "[IP] 192.168.1.7 [Port] 0 [Flags] 2 [Guid] 2717180519 [EditorId] 2717180519 [Version] 1048832 [Id] WindowsEditor(7,DESKTOP-D9Q4C5R) [Debug] 1 [PackageName] WindowsEditor [ProjectName] Editor" joined alternative multi-casting on [225.0.0.222:34997]...

[Physics::Module] Initialized MultithreadedJobDispatcher with 15 workers.
Refreshing native plugins compatible for Editor in 10.61 ms, found 3 plugins.
Preloading 0 native plugins for Editor in 0.00 ms.
Initialize engine version: 2022.3.24f1 (334eb2a0b267)
[Subsystems] Discovering subsystems at path D:/Unity/2022.3.24f1/Editor/Data/Resources/UnitySubsystems
[Subsystems] Discovering subsystems at path C:/Users/mahon/Desktop/Cappy_spel/Procerduell_ljud_projekt/Step_sounds/Assets
GfxDevice: creating device client; threaded=0; jobified=0
Direct3D:
    Version:  Direct3D 11.0 [level 11.1]
    Renderer: NVIDIA GeForce RTX 2070 (ID=0x1f02)
    Vendor:   NVIDIA
    VRAM:     8006 MB
    Driver:   31.0.15.5186
Initialize mono
Mono path[0] = 'D:/Unity/2022.3.24f1/Editor/Data/Managed'
Mono path[1] = 'D:/Unity/2022.3.24f1/Editor/Data/MonoBleedingEdge/lib/mono/unityjit-win32'
Mono config path = 'D:/Unity/2022.3.24f1/Editor/Data/MonoBleedingEdge/etc'
Using monoOptions --debugger-agent=transport=dt_socket,embedding=1,server=y,suspend=n,address=127.0.0.1:56164
Begin MonoManager ReloadAssembly
Registering precompiled unity dll's ...
Register platform support module: D:/Unity/2022.3.24f1/Editor/Data/PlaybackEngines/WindowsStandaloneSupport/UnityEditor.WindowsStandalone.Extensions.dll
Registered in 0.003925 seconds.
- Loaded All Assemblies, in  0.305 seconds
Native extension for WindowsStandalone target not found
Mono: successfully reloaded assembly
- Finished resetting the current domain, in  0.262 seconds
Domain Reload Profiling: 567ms
	BeginReloadAssembly (92ms)
		ExecutionOrderSort (0ms)
		DisableScriptedObjects (0ms)
		BackupInstance (0ms)
		ReleaseScriptingObjects (0ms)
		CreateAndSetChildDomain (1ms)
	RebuildCommonClasses (31ms)
	RebuildNativeTypeToScriptingClass (9ms)
	initialDomainReloadingComplete (44ms)
	LoadAllAssembliesAndSetupDomain (128ms)
		LoadAssemblies (92ms)
		RebuildTransferFunctionScriptingTraits (0ms)
		AnalyzeDomain (126ms)
			TypeCache.Refresh (125ms)
				TypeCache.ScanAssembly (112ms)
			ScanForSourceGeneratedMonoScriptInfo (0ms)
			ResolveRequiredComponents (0ms)
	FinalizeReload (263ms)
		ReleaseScriptCaches (0ms)
		RebuildScriptCaches (0ms)
		SetupLoadedEditorAssemblies (208ms)
			LogAssemblyErrors (0ms)
			InitializePlatformSupportModulesInManaged (7ms)
			SetLoadedEditorAssemblies (7ms)
			RefreshPlugins (0ms)
			BeforeProcessingInitializeOnLoad (3ms)
			ProcessInitializeOnLoadAttributes (139ms)
			ProcessInitializeOnLoadMethodAttributes (53ms)
			AfterProcessingInitializeOnLoad (0ms)
			EditorAssembliesLoaded (0ms)
		ExecutionOrderSort2 (0ms)
		AwakeInstancesAfterBackupRestoration (0ms)
========================================================================
Worker process is ready to serve import requests
Begin MonoManager ReloadAssembly
- Loaded All Assemblies, in  0.561 seconds
Refreshing native plugins compatible for Editor in 4.47 ms, found 3 plugins.
Native extension for WindowsStandalone target not found
[ScriptCompilation] NOT recompiling all scripts because this is an import worker process. Reason to compile was: Define symbols changed
Package Manager log level set to [2]
[Package Manager] Server::EnsureServerProcessIsRunning -- launch failed, reason: Unity was launched with the -noUpm command-line argument
[Package Manager] UpmClient::Send -- Unable to send message (not connected to UPM process).
[Package Manager] Cannot connect to Unity Package Manager local server
Mono: successfully reloaded assembly
- Finished resetting the current domain, in  0.542 seconds
Domain Reload Profiling: 1102ms
	BeginReloadAssembly (127ms)
		ExecutionOrderSort (0ms)
		DisableScriptedObjects (5ms)
		BackupInstance (0ms)
		ReleaseScriptingObjects (0ms)
		CreateAndSetChildDomain (19ms)
	RebuildCommonClasses (29ms)
	RebuildNativeTypeToScriptingClass (10ms)
	initialDomainReloadingComplete (37ms)
	LoadAllAssembliesAndSetupDomain (355ms)
		LoadAssemblies (251ms)
		RebuildTransferFunctionScriptingTraits (0ms)
		AnalyzeDomain (177ms)
			TypeCache.Refresh (151ms)
				TypeCache.ScanAssembly (136ms)
			ScanForSourceGeneratedMonoScriptInfo (16ms)
			ResolveRequiredComponents (9ms)
	FinalizeReload (543ms)
		ReleaseScriptCaches (0ms)
		RebuildScriptCaches (0ms)
		SetupLoadedEditorAssemblies (402ms)
			LogAssemblyErrors (0ms)
			InitializePlatformSupportModulesInManaged (4ms)
			SetLoadedEditorAssemblies (4ms)
			RefreshPlugins (0ms)
			BeforeProcessingInitializeOnLoad (54ms)
			ProcessInitializeOnLoadAttributes (318ms)
			ProcessInitializeOnLoadMethodAttributes (19ms)
			AfterProcessingInitializeOnLoad (2ms)
			EditorAssembliesLoaded (0ms)
		ExecutionOrderSort2 (0ms)
		AwakeInstancesAfterBackupRestoration (11ms)
Launched and connected shader compiler UnityShaderCompiler.exe after 0.04 seconds
Refreshing native plugins compatible for Editor in 5.43 ms, found 3 plugins.
Preloading 0 native plugins for Editor in 0.00 ms.
Unloading 3299 Unused Serialized files (Serialized files now loaded: 0)
Unloading 32 unused Assets / (57.0 KB). Loaded Objects now: 3760.
Memory consumption went from 125.1 MB to 125.1 MB.
Total: 2.532700 ms (FindLiveObjects: 0.228900 ms CreateObjectMapping: 0.157000 ms MarkObjects: 2.068800 ms  DeleteObjects: 0.077200 ms)

AssetImportParameters requested are different than current active one (requested -> active):
  custom:container-demuxer-ogg: 62fdf1f143b41e24485cea50d1cbac27 -> 
  custom:video-codec-MediaFoundation-h265: 746d11721c4dcdbdad8f713fa42b33f4 -> 
  custom:video-decoder-ogg-theora: a1e56fd34408186e4bbccfd4996cb3dc -> 
  custom:framework-win-MediaFoundation: 216162199b28c13a410421893ffa2e32 -> 
  custom:CustomObjectIndexerAttribute: 9a22284fe3817be447336de3de66b15e -> 
  custom:container-demuxer-webm: 4f35f7cbe854078d1ac9338744f61a02 -> 
  custom:container-muxer-webm: aa71ff27fc2769a1b78a27578f13a17b -> 
  custom:video-decoder-webm-vp8: 9c59270c3fd7afecdb556c50c9e8de78 -> 
  custom:SearchIndexIgnoredProperties: e643bd26f0fe6173181afceb89e7c659 -> 
  custom:AudioImporter_EditorPlatform: d09bf68614088b80899f8185d706f6e7 -> 
  custom:video-encoder-webm-vp8: eb34c28f22e8b96e1ab97ce403110664 -> 
  custom:audio-decoder-ogg-vorbis: bf7c407c2cedff20999df2af8eb42d56 -> 
  custom:audio-encoder-webm-vorbis: bf7c407c2cedff20999df2af8eb42d56 -> 
========================================================================
Received Import Request.
  Time since last request: 1222611.637667 seconds.
  path: Assets/extOSC/Examples
  artifactKey: Guid(b6bf13ded08b4497a8644389bb2ae658) Importer(815301076,1909f56bfc062723c751e8b465ee728b)
Start importing Assets/extOSC/Examples using Guid(b6bf13ded08b4497a8644389bb2ae658) Importer(815301076,1909f56bfc062723c751e8b465ee728b)  -> (artifact id: '9de90b1d2eaff3839b65f3f8e8a40704') in 0.002737 seconds
Number of updated asset objects reloaded before import = 0
Number of asset objects unloaded after import = 0
========================================================================
Received Import Request.
  Time since last request: 16.283374 seconds.
  path: Assets/extOSC/Scripts
  artifactKey: Guid(2e8ad2bd3a2260f48879aee54c1fb9f8) Importer(815301076,1909f56bfc062723c751e8b465ee728b)
Start importing Assets/extOSC/Scripts using Guid(2e8ad2bd3a2260f48879aee54c1fb9f8) Importer(815301076,1909f56bfc062723c751e8b465ee728b)  -> (artifact id: 'a47a73786fda36373843ff0f979f6d8e') in 0.000414 seconds
Number of updated asset objects reloaded before import = 0
Number of asset objects unloaded after import = 0
========================================================================
Received Import Request.
  Time since last request: 0.076107 seconds.
  path: Assets/extOSC/Scripts/extOSC.asmdef
  artifactKey: Guid(7b4b8ddafd710964f8c6a9a1cb414feb) Importer(815301076,1909f56bfc062723c751e8b465ee728b)
Start importing Assets/extOSC/Scripts/extOSC.asmdef using Guid(7b4b8ddafd710964f8c6a9a1cb414feb) Importer(815301076,1909f56bfc062723c751e8b465ee728b)  -> (artifact id: '89f796e47109a298a6f57b3f486ca319') in 0.000568 seconds
Number of updated asset objects reloaded before import = 0
Number of asset objects unloaded after import = 0
========================================================================
Received Import Request.
  Time since last request: 11.485506 seconds.
  path: Assets/extOSC/Scripts/Attributes
  artifactKey: Guid(c348e014a1b0465199ed3cc511539801) Importer(815301076,1909f56bfc062723c751e8b465ee728b)
Start importing Assets/extOSC/Scripts/Attributes using Guid(c348e014a1b0465199ed3cc511539801) Importer(815301076,1909f56bfc062723c751e8b465ee728b)  -> (artifact id: 'd10413c6db2a7a99a4475564ea83e2f0') in 0.000393 seconds
Number of updated asset objects reloaded before import = 0
Number of asset objects unloaded after import = 0
========================================================================
Received Import Request.
  Time since last request: 3.656355 seconds.
  path: Assets/extOSC/Scripts/Editor
  artifactKey: Guid(4147c31a82142e24fb34b58572eb2f70) Importer(815301076,1909f56bfc062723c751e8b465ee728b)
Start importing Assets/extOSC/Scripts/Editor using Guid(4147c31a82142e24fb34b58572eb2f70) Importer(815301076,1909f56bfc062723c751e8b465ee728b)  -> (artifact id: '7f4cf223fe8d5efe0e7cd83c48ba0110') in 0.000405 seconds
Number of updated asset objects reloaded before import = 0
Number of asset objects unloaded after import = 0
========================================================================
Received Import Request.
  Time since last request: 0.074099 seconds.
  path: Assets/extOSC/Scripts/Editor/extOSC.Editor.asmdef
  artifactKey: Guid(89fd9bf90890eb94280c9d2bd42b19cd) Importer(815301076,1909f56bfc062723c751e8b465ee728b)
Start importing Assets/extOSC/Scripts/Editor/extOSC.Editor.asmdef using Guid(89fd9bf90890eb94280c9d2bd42b19cd) Importer(815301076,1909f56bfc062723c751e8b465ee728b)  -> (artifact id: '587a6842b5b2b1d7db5ccd17da086399') in 0.000617 seconds
Number of updated asset objects reloaded before import = 0
Number of asset objects unloaded after import = 0
========================================================================
Received Import Request.
  Time since last request: 6.870523 seconds.
  path: Assets/extOSC/Resources/extOSC/OSC_bundle_dark.png
  artifactKey: Guid(3d4b2134a6de1446e8ae693a98aae5a0) Importer(815301076,1909f56bfc062723c751e8b465ee728b)
Start importing Assets/extOSC/Resources/extOSC/OSC_bundle_dark.png using Guid(3d4b2134a6de1446e8ae693a98aae5a0) Importer(815301076,1909f56bfc062723c751e8b465ee728b)  -> (artifact id: '8db052e4bfbf9d31473657498118c130') in 0.073570 seconds
Number of updated asset objects reloaded before import = 0
Number of asset objects unloaded after import = 2
========================================================================
Received Import Request.
  Time since last request: 0.000015 seconds.
  path: Assets/extOSC/Resources/extOSC/OSC_UI_panel_filled.png
  artifactKey: Guid(c0046ff7d58574b78bdcdf8e3622ed13) Importer(815301076,1909f56bfc062723c751e8b465ee728b)
Start importing Assets/extOSC/Resources/extOSC/OSC_UI_panel_filled.png using Guid(c0046ff7d58574b78bdcdf8e3622ed13) Importer(815301076,1909f56bfc062723c751e8b465ee728b)  -> (artifact id: '1a2a89bb3e0d64af7beb5736d5b00eec') in 0.062095 seconds
Number of updated asset objects reloaded before import = 0
Number of asset objects unloaded after import = 3
========================================================================
Received Import Request.
  Time since last request: 0.000023 seconds.
  path: Assets/extOSC/Resources/extOSC/OSC_transmitter_light.png
  artifactKey: Guid(3f04455fc160e45b89c3396dae30380e) Importer(815301076,1909f56bfc062723c751e8b465ee728b)
Start importing Assets/extOSC/Resources/extOSC/OSC_transmitter_light.png using Guid(3f04455fc160e45b89c3396dae30380e) Importer(815301076,1909f56bfc062723c751e8b465ee728b)  -> (artifact id: '6cf7c95d88029adfd32cf1299036a1e9') in 0.009204 seconds
Number of updated asset objects reloaded before import = 0
Number of asset objects unloaded after import = 2
========================================================================
Received Import Request.
  Time since last request: 0.000013 seconds.
  path: Assets/extOSC/Resources/extOSC/OSC_receiver_dark.png
  artifactKey: Guid(964ea9d4f29ca49458fc7bfc0a267311) Importer(815301076,1909f56bfc062723c751e8b465ee728b)
Start importing Assets/extOSC/Resources/extOSC/OSC_receiver_dark.png using Guid(964ea9d4f29ca49458fc7bfc0a267311) Importer(815301076,1909f56bfc062723c751e8b465ee728b)  -> (artifact id: 'c1fb5faca7267957788a9611ee612c3c') in 0.008672 seconds
Number of updated asset objects reloaded before import = 0
Number of asset objects unloaded after import = 2
========================================================================
Received Import Request.
  Time since last request: 0.000056 seconds.
  path: Assets/extOSC/Resources/extOSC/OSC_UI_panel_border.png
  artifactKey: Guid(ce23a9ef5cbb54d72a143ba8ac3ab5b2) Importer(815301076,1909f56bfc062723c751e8b465ee728b)
Start importing Assets/extOSC/Resources/extOSC/OSC_UI_panel_border.png using Guid(ce23a9ef5cbb54d72a143ba8ac3ab5b2) Importer(815301076,1909f56bfc062723c751e8b465ee728b)  -> (artifact id: 'a07928afffd72fc383f824c5f05e021c') in 0.011048 seconds
Number of updated asset objects reloaded before import = 0
Number of asset objects unloaded after import = 3
========================================================================
Received Import Request.
  Time since last request: 0.000013 seconds.
  path: Assets/extOSC/Resources/extOSC/OSC_UI_rotary_border.png
  artifactKey: Guid(c7e00537d8c4145dcb4044c21f580651) Importer(815301076,1909f56bfc062723c751e8b465ee728b)
Start importing Assets/extOSC/Resources/extOSC/OSC_UI_rotary_border.png using Guid(c7e00537d8c4145dcb4044c21f580651) Importer(815301076,1909f56bfc062723c751e8b465ee728b)  -> (artifact id: '4c1b7ec8ac828c92245252981f3ebd44') in 0.014262 seconds
Number of updated asset objects reloaded before import = 0
Number of asset objects unloaded after import = 3
========================================================================
Received Import Request.
  Time since last request: 68.761727 seconds.
  path: Assets/extOSC/Scripts/OSCTransmitter.cs
  artifactKey: Guid(464088183d2a1484ab8fb64e356c9f5c) Importer(815301076,1909f56bfc062723c751e8b465ee728b)
Start importing Assets/extOSC/Scripts/OSCTransmitter.cs using Guid(464088183d2a1484ab8fb64e356c9f5c) Importer(815301076,1909f56bfc062723c751e8b465ee728b)  -> (artifact id: '71cc2ea2db931d24fb06b9e5f462bdc3') in 0.000537 seconds
Number of updated asset objects reloaded before import = 0
Number of asset objects unloaded after import = 0
========================================================================
Received Import Request.
  Time since last request: 41.766978 seconds.
  path: Assets/extOSC/Scripts/OSCReceiver.cs
  artifactKey: Guid(fbba286dc10e549b2bdec947ef8dbd3b) Importer(815301076,1909f56bfc062723c751e8b465ee728b)
Start importing Assets/extOSC/Scripts/OSCReceiver.cs using Guid(fbba286dc10e549b2bdec947ef8dbd3b) Importer(815301076,1909f56bfc062723c751e8b465ee728b)  -> (artifact id: '3501d2a2a0f9c4e79f96aac4e755e6aa') in 0.000420 seconds
Number of updated asset objects reloaded before import = 0
Number of asset objects unloaded after import = 0
========================================================================
Received Import Request.
  Time since last request: 9.498349 seconds.
  path: Assets/extOSC/Scripts/UI
  artifactKey: Guid(de9bdbd4efa1d49dda1ded6b6aac59fe) Importer(815301076,1909f56bfc062723c751e8b465ee728b)
Start importing Assets/extOSC/Scripts/UI using Guid(de9bdbd4efa1d49dda1ded6b6aac59fe) Importer(815301076,1909f56bfc062723c751e8b465ee728b)  -> (artifact id: '880efde4eb1353ee9806c54db7bf8acf') in 0.000388 seconds
Number of updated asset objects reloaded before import = 0
Number of asset objects unloaded after import = 0
========================================================================
Received Import Request.
  Time since last request: 0.525798 seconds.
  path: Assets/extOSC/Scripts/Mapping
  artifactKey: Guid(c910b22886bca4a868a0501edc41ee3c) Importer(815301076,1909f56bfc062723c751e8b465ee728b)
Start importing Assets/extOSC/Scripts/Mapping using Guid(c910b22886bca4a868a0501edc41ee3c) Importer(815301076,1909f56bfc062723c751e8b465ee728b)  -> (artifact id: '7a3763525eb540f5c4758a205e5b185c') in 0.000404 seconds
Number of updated asset objects reloaded before import = 0
Number of asset objects unloaded after import = 0
========================================================================
Received Import Request.
  Time since last request: 1.545218 seconds.
  path: Assets/extOSC/Scripts/Mapping/OSCMapValue.cs
  artifactKey: Guid(7de3568dfc6434131970e5a3395fbe53) Importer(815301076,1909f56bfc062723c751e8b465ee728b)
Start importing Assets/extOSC/Scripts/Mapping/OSCMapValue.cs using Guid(7de3568dfc6434131970e5a3395fbe53) Importer(815301076,1909f56bfc062723c751e8b465ee728b)  -> (artifact id: '2722a9cba8bfbf3f44b9d59b6d8f2fcc') in 0.000402 seconds
Number of updated asset objects reloaded before import = 0
Number of asset objects unloaded after import = 0
========================================================================
Received Import Request.
  Time since last request: 0.999604 seconds.
  path: Assets/extOSC/Scripts/Mapping/OSCMapBundle.cs
  artifactKey: Guid(11c91d8cf45934d2094e4445cfb8833b) Importer(815301076,1909f56bfc062723c751e8b465ee728b)
Start importing Assets/extOSC/Scripts/Mapping/OSCMapBundle.cs using Guid(11c91d8cf45934d2094e4445cfb8833b) Importer(815301076,1909f56bfc062723c751e8b465ee728b)  -> (artifact id: 'c1958dae6f81533bd2eff98f6d2eb797') in 0.000400 seconds
Number of updated asset objects reloaded before import = 0
Number of asset objects unloaded after import = 0
========================================================================
Received Import Request.
  Time since last request: 246.747884 seconds.
  path: Assets/extOSC/Examples/01) Getting Started
  artifactKey: Guid(9e8ea454fe0674ae7b29a5f487b10f87) Importer(815301076,1909f56bfc062723c751e8b465ee728b)
Start importing Assets/extOSC/Examples/01) Getting Started using Guid(9e8ea454fe0674ae7b29a5f487b10f87) Importer(815301076,1909f56bfc062723c751e8b465ee728b)  -> (artifact id: '85741b3d183f88d2939f96df955dbcff') in 0.000631 seconds
Number of updated asset objects reloaded before import = 0
Number of asset objects unloaded after import = 0
========================================================================
Received Import Request.
  Time since last request: 1.461868 seconds.
  path: Assets/extOSC/Examples/01) Getting Started/Getting Started.unity
  artifactKey: Guid(ea6bd954b791a401f844a6869a8c9378) Importer(815301076,1909f56bfc062723c751e8b465ee728b)
Start importing Assets/extOSC/Examples/01) Getting Started/Getting Started.unity using Guid(ea6bd954b791a401f844a6869a8c9378) Importer(815301076,1909f56bfc062723c751e8b465ee728b)  -> (artifact id: '0211d5c3d67d260b850f2d5f97d812c5') in 0.000438 seconds
Number of updated asset objects reloaded before import = 0
Number of asset objects unloaded after import = 0
========================================================================
Received Import Request.
  Time since last request: 6.280163 seconds.
  path: Assets/extOSC/Examples/01) Getting Started/Scripts
  artifactKey: Guid(75020ba27b0954f1288efd9fb0b26ef5) Importer(815301076,1909f56bfc062723c751e8b465ee728b)
Start importing Assets/extOSC/Examples/01) Getting Started/Scripts using Guid(75020ba27b0954f1288efd9fb0b26ef5) Importer(815301076,1909f56bfc062723c751e8b465ee728b)  -> (artifact id: '40aa010937ebca93610d661b2181aad2') in 0.000451 seconds
Number of updated asset objects reloaded before import = 0
Number of asset objects unloaded after import = 0
========================================================================
Received Prepare
Begin MonoManager ReloadAssembly
- Loaded All Assemblies, in  0.548 seconds
Refreshing native plugins compatible for Editor in 4.06 ms, found 3 plugins.
Native extension for WindowsStandalone target not found
[ScriptCompilation] NOT recompiling all scripts because this is an import worker process. Reason to compile was: Define symbols changed
[Package Manager] Server::EnsureServerProcessIsRunning -- launch failed, reason: Unity was launched with the -noUpm command-line argument
[Package Manager] UpmClient::Send -- Unable to send message (not connected to UPM process).
[Package Manager] Cannot connect to Unity Package Manager local server
Mono: successfully reloaded assembly
- Finished resetting the current domain, in  1.126 seconds
Domain Reload Profiling: 1671ms
	BeginReloadAssembly (129ms)
		ExecutionOrderSort (0ms)
		DisableScriptedObjects (4ms)
		BackupInstance (0ms)
		ReleaseScriptingObjects (0ms)
		CreateAndSetChildDomain (28ms)
	RebuildCommonClasses (28ms)
	RebuildNativeTypeToScriptingClass (10ms)
	initialDomainReloadingComplete (22ms)
	LoadAllAssembliesAndSetupDomain (355ms)
		LoadAssemblies (412ms)
		RebuildTransferFunctionScriptingTraits (0ms)
		AnalyzeDomain (12ms)
			TypeCache.Refresh (5ms)
				TypeCache.ScanAssembly (0ms)
			ScanForSourceGeneratedMonoScriptInfo (0ms)
			ResolveRequiredComponents (7ms)
	FinalizeReload (1126ms)
		ReleaseScriptCaches (0ms)
		RebuildScriptCaches (0ms)
		SetupLoadedEditorAssemblies (364ms)
			LogAssemblyErrors (0ms)
			InitializePlatformSupportModulesInManaged (5ms)
			SetLoadedEditorAssemblies (3ms)
			RefreshPlugins (0ms)
			BeforeProcessingInitializeOnLoad (64ms)
			ProcessInitializeOnLoadAttributes (270ms)
			ProcessInitializeOnLoadMethodAttributes (19ms)
			AfterProcessingInitializeOnLoad (2ms)
			EditorAssembliesLoaded (0ms)
		ExecutionOrderSort2 (0ms)
		AwakeInstancesAfterBackupRestoration (9ms)
Refreshing native plugins compatible for Editor in 4.44 ms, found 3 plugins.
Preloading 0 native plugins for Editor in 0.00 ms.
Unloading 3291 Unused Serialized files (Serialized files now loaded: 0)
Unloading 23 unused Assets / (31.1 KB). Loaded Objects now: 3772.
Memory consumption went from 130.3 MB to 130.2 MB.
Total: 2.840500 ms (FindLiveObjects: 0.233800 ms CreateObjectMapping: 0.192100 ms MarkObjects: 2.374300 ms  DeleteObjects: 0.039500 ms)

Prepare: number of updated asset objects reloaded= 0
AssetImportParameters requested are different than current active one (requested -> active):
  custom:container-demuxer-ogg: 62fdf1f143b41e24485cea50d1cbac27 -> 
  custom:video-codec-MediaFoundation-h265: 746d11721c4dcdbdad8f713fa42b33f4 -> 
  custom:video-decoder-ogg-theora: a1e56fd34408186e4bbccfd4996cb3dc -> 
  custom:framework-win-MediaFoundation: 216162199b28c13a410421893ffa2e32 -> 
  custom:CustomObjectIndexerAttribute: 9a22284fe3817be447336de3de66b15e -> 
  custom:container-demuxer-webm: 4f35f7cbe854078d1ac9338744f61a02 -> 
  custom:container-muxer-webm: aa71ff27fc2769a1b78a27578f13a17b -> 
  custom:video-decoder-webm-vp8: 9c59270c3fd7afecdb556c50c9e8de78 -> 
  custom:SearchIndexIgnoredProperties: e643bd26f0fe6173181afceb89e7c659 -> 
  custom:AudioImporter_EditorPlatform: d09bf68614088b80899f8185d706f6e7 -> 
  custom:video-encoder-webm-vp8: eb34c28f22e8b96e1ab97ce403110664 -> 
  custom:audio-decoder-ogg-vorbis: bf7c407c2cedff20999df2af8eb42d56 -> 
  custom:audio-encoder-webm-vorbis: bf7c407c2cedff20999df2af8eb42d56 -> 
========================================================================
Received Import Request.
  Time since last request: 61.881917 seconds.
  path: Assets/extOSC/Examples/02) Value Types
  artifactKey: Guid(af3bae4aa500643cc8ab43c38f6dc1f8) Importer(815301076,1909f56bfc062723c751e8b465ee728b)
Start importing Assets/extOSC/Examples/02) Value Types using Guid(af3bae4aa500643cc8ab43c38f6dc1f8) Importer(815301076,1909f56bfc062723c751e8b465ee728b)  -> (artifact id: '753e7171495133959509d6e44264a1f2') in 0.001864 seconds
Number of updated asset objects reloaded before import = 0
Number of asset objects unloaded after import = 0
========================================================================
Received Import Request.
  Time since last request: 9.016767 seconds.
  path: Assets/extOSC/Examples/01) Getting Started/Scripts/SimpleMessageTransmitter.cs
  artifactKey: Guid(a5c2895b5c31a42cb95d36d019aeff5c) Importer(815301076,1909f56bfc062723c751e8b465ee728b)
Start importing Assets/extOSC/Examples/01) Getting Started/Scripts/SimpleMessageTransmitter.cs using Guid(a5c2895b5c31a42cb95d36d019aeff5c) Importer(815301076,1909f56bfc062723c751e8b465ee728b)  -> (artifact id: 'f3d4cafc79ac163f8111db79caf19e62') in 0.000441 seconds
Number of updated asset objects reloaded before import = 0
Number of asset objects unloaded after import = 0
========================================================================
Received Import Request.
  Time since last request: 3.635752 seconds.
  path: Assets/extOSC/Examples/01) Getting Started/Scripts/SimpleMessageReceiver.cs
  artifactKey: Guid(0d4043274b57c4c039efe20febc16183) Importer(815301076,1909f56bfc062723c751e8b465ee728b)
Start importing Assets/extOSC/Examples/01) Getting Started/Scripts/SimpleMessageReceiver.cs using Guid(0d4043274b57c4c039efe20febc16183) Importer(815301076,1909f56bfc062723c751e8b465ee728b)  -> (artifact id: '9ba50ab173c181f9482f9ca56d59b1df') in 0.000420 seconds
Number of updated asset objects reloaded before import = 0
Number of asset objects unloaded after import = 0
========================================================================
Received Prepare
Begin MonoManager ReloadAssembly
- Loaded All Assemblies, in  0.574 seconds
Refreshing native plugins compatible for Editor in 4.52 ms, found 3 plugins.
Native extension for WindowsStandalone target not found
[ScriptCompilation] NOT recompiling all scripts because this is an import worker process. Reason to compile was: Define symbols changed
[Package Manager] Server::EnsureServerProcessIsRunning -- launch failed, reason: Unity was launched with the -noUpm command-line argument
[Package Manager] UpmClient::Send -- Unable to send message (not connected to UPM process).
[Package Manager] Cannot connect to Unity Package Manager local server
Mono: successfully reloaded assembly
- Finished resetting the current domain, in  1.238 seconds
Domain Reload Profiling: 1810ms
	BeginReloadAssembly (133ms)
		ExecutionOrderSort (0ms)
		DisableScriptedObjects (5ms)
		BackupInstance (0ms)
		ReleaseScriptingObjects (0ms)
		CreateAndSetChildDomain (29ms)
	RebuildCommonClasses (35ms)
	RebuildNativeTypeToScriptingClass (10ms)
	initialDomainReloadingComplete (22ms)
	LoadAllAssembliesAndSetupDomain (373ms)
		LoadAssemblies (418ms)
		RebuildTransferFunctionScriptingTraits (0ms)
		AnalyzeDomain (24ms)
			TypeCache.Refresh (7ms)
				TypeCache.ScanAssembly (0ms)
			ScanForSourceGeneratedMonoScriptInfo (9ms)
			ResolveRequiredComponents (7ms)
	FinalizeReload (1238ms)
		ReleaseScriptCaches (0ms)
		RebuildScriptCaches (0ms)
		SetupLoadedEditorAssemblies (388ms)
			LogAssemblyErrors (0ms)
			InitializePlatformSupportModulesInManaged (4ms)
			SetLoadedEditorAssemblies (3ms)
			RefreshPlugins (0ms)
			BeforeProcessingInitializeOnLoad (55ms)
			ProcessInitializeOnLoadAttributes (303ms)
			ProcessInitializeOnLoadMethodAttributes (20ms)
			AfterProcessingInitializeOnLoad (3ms)
			EditorAssembliesLoaded (0ms)
		ExecutionOrderSort2 (0ms)
		AwakeInstancesAfterBackupRestoration (9ms)
Refreshing native plugins compatible for Editor in 4.51 ms, found 3 plugins.
Preloading 0 native plugins for Editor in 0.00 ms.
Unloading 3291 Unused Serialized files (Serialized files now loaded: 0)
Unloading 23 unused Assets / (31.0 KB). Loaded Objects now: 3775.
Memory consumption went from 132.2 MB to 132.2 MB.
Total: 3.128500 ms (FindLiveObjects: 0.234300 ms CreateObjectMapping: 0.153500 ms MarkObjects: 2.693100 ms  DeleteObjects: 0.046700 ms)

Prepare: number of updated asset objects reloaded= 0
AssetImportParameters requested are different than current active one (requested -> active):
  custom:container-demuxer-ogg: 62fdf1f143b41e24485cea50d1cbac27 -> 
  custom:video-codec-MediaFoundation-h265: 746d11721c4dcdbdad8f713fa42b33f4 -> 
  custom:video-decoder-ogg-theora: a1e56fd34408186e4bbccfd4996cb3dc -> 
  custom:framework-win-MediaFoundation: 216162199b28c13a410421893ffa2e32 -> 
  custom:CustomObjectIndexerAttribute: 9a22284fe3817be447336de3de66b15e -> 
  custom:container-demuxer-webm: 4f35f7cbe854078d1ac9338744f61a02 -> 
  custom:container-muxer-webm: aa71ff27fc2769a1b78a27578f13a17b -> 
  custom:video-decoder-webm-vp8: 9c59270c3fd7afecdb556c50c9e8de78 -> 
  custom:SearchIndexIgnoredProperties: e643bd26f0fe6173181afceb89e7c659 -> 
  custom:AudioImporter_EditorPlatform: d09bf68614088b80899f8185d706f6e7 -> 
  custom:video-encoder-webm-vp8: eb34c28f22e8b96e1ab97ce403110664 -> 
  custom:audio-decoder-ogg-vorbis: bf7c407c2cedff20999df2af8eb42d56 -> 
  custom:audio-encoder-webm-vorbis: bf7c407c2cedff20999df2af8eb42d56 -> 
========================================================================
Received Prepare
Begin MonoManager ReloadAssembly
- Loaded All Assemblies, in  0.379 seconds
Refreshing native plugins compatible for Editor in 5.40 ms, found 3 plugins.
Native extension for WindowsStandalone target not found
[Package Manager] Server::EnsureServerProcessIsRunning -- launch failed, reason: Unity was launched with the -noUpm command-line argument
[Package Manager] UpmClient::Send -- Unable to send message (not connected to UPM process).
[Package Manager] Cannot connect to Unity Package Manager local server
Mono: successfully reloaded assembly
- Finished resetting the current domain, in  0.849 seconds
Domain Reload Profiling: 1227ms
	BeginReloadAssembly (130ms)
		ExecutionOrderSort (0ms)
		DisableScriptedObjects (5ms)
		BackupInstance (0ms)
		ReleaseScriptingObjects (0ms)
		CreateAndSetChildDomain (28ms)
	RebuildCommonClasses (37ms)
	RebuildNativeTypeToScriptingClass (10ms)
	initialDomainReloadingComplete (21ms)
	LoadAllAssembliesAndSetupDomain (179ms)
		LoadAssemblies (236ms)
		RebuildTransferFunctionScriptingTraits (0ms)
		AnalyzeDomain (13ms)
			TypeCache.Refresh (4ms)
				TypeCache.ScanAssembly (0ms)
			ScanForSourceGeneratedMonoScriptInfo (0ms)
			ResolveRequiredComponents (7ms)
	FinalizeReload (850ms)
		ReleaseScriptCaches (0ms)
		RebuildScriptCaches (0ms)
		SetupLoadedEditorAssemblies (350ms)
			LogAssemblyErrors (0ms)
			InitializePlatformSupportModulesInManaged (4ms)
			SetLoadedEditorAssemblies (3ms)
			RefreshPlugins (0ms)
			BeforeProcessingInitializeOnLoad (56ms)
			ProcessInitializeOnLoadAttributes (267ms)
			ProcessInitializeOnLoadMethodAttributes (18ms)
			AfterProcessingInitializeOnLoad (2ms)
			EditorAssembliesLoaded (0ms)
		ExecutionOrderSort2 (0ms)
		AwakeInstancesAfterBackupRestoration (8ms)
Refreshing native plugins compatible for Editor in 3.94 ms, found 3 plugins.
Preloading 0 native plugins for Editor in 0.00 ms.
Unloading 3292 Unused Serialized files (Serialized files now loaded: 0)
Unloading 23 unused Assets / (31.1 KB). Loaded Objects now: 3778.
Memory consumption went from 134.4 MB to 134.4 MB.
Total: 3.382100 ms (FindLiveObjects: 0.209300 ms CreateObjectMapping: 0.142300 ms MarkObjects: 2.994500 ms  DeleteObjects: 0.035200 ms)

Prepare: number of updated asset objects reloaded= 0
AssetImportParameters requested are different than current active one (requested -> active):
  custom:container-demuxer-ogg: 62fdf1f143b41e24485cea50d1cbac27 -> 
  custom:video-codec-MediaFoundation-h265: 746d11721c4dcdbdad8f713fa42b33f4 -> 
  custom:video-decoder-ogg-theora: a1e56fd34408186e4bbccfd4996cb3dc -> 
  custom:framework-win-MediaFoundation: 216162199b28c13a410421893ffa2e32 -> 
  custom:CustomObjectIndexerAttribute: 9a22284fe3817be447336de3de66b15e -> 
  custom:container-demuxer-webm: 4f35f7cbe854078d1ac9338744f61a02 -> 
  custom:container-muxer-webm: aa71ff27fc2769a1b78a27578f13a17b -> 
  custom:video-decoder-webm-vp8: 9c59270c3fd7afecdb556c50c9e8de78 -> 
  custom:SearchIndexIgnoredProperties: e643bd26f0fe6173181afceb89e7c659 -> 
  custom:AudioImporter_EditorPlatform: d09bf68614088b80899f8185d706f6e7 -> 
  custom:video-encoder-webm-vp8: eb34c28f22e8b96e1ab97ce403110664 -> 
  custom:audio-decoder-ogg-vorbis: bf7c407c2cedff20999df2af8eb42d56 -> 
  custom:audio-encoder-webm-vorbis: bf7c407c2cedff20999df2af8eb42d56 -> 
========================================================================
Received Import Request.
  Time since last request: 1858.138968 seconds.
  path: Assets/Scenes/SampleScene.unity
  artifactKey: Guid(9fc0d4010bbf28b4594072e72b8655ab) Importer(815301076,1909f56bfc062723c751e8b465ee728b)
Start importing Assets/Scenes/SampleScene.unity using Guid(9fc0d4010bbf28b4594072e72b8655ab) Importer(815301076,1909f56bfc062723c751e8b465ee728b)  -> (artifact id: 'e1f59831343c0ffa1563c614994303d0') in 0.002661 seconds
Number of updated asset objects reloaded before import = 0
Number of asset objects unloaded after import = 0
========================================================================
Received Prepare
Begin MonoManager ReloadAssembly
- Loaded All Assemblies, in  0.587 seconds
Refreshing native plugins compatible for Editor in 4.61 ms, found 3 plugins.
Native extension for WindowsStandalone target not found
[Package Manager] Server::EnsureServerProcessIsRunning -- launch failed, reason: Unity was launched with the -noUpm command-line argument
[Package Manager] UpmClient::Send -- Unable to send message (not connected to UPM process).
[Package Manager] Cannot connect to Unity Package Manager local server
Mono: successfully reloaded assembly
- Finished resetting the current domain, in  1.094 seconds
Domain Reload Profiling: 1680ms
	BeginReloadAssembly (141ms)
		ExecutionOrderSort (0ms)
		DisableScriptedObjects (5ms)
		BackupInstance (0ms)
		ReleaseScriptingObjects (0ms)
		CreateAndSetChildDomain (28ms)
	RebuildCommonClasses (35ms)
	RebuildNativeTypeToScriptingClass (10ms)
	initialDomainReloadingComplete (23ms)
	LoadAllAssembliesAndSetupDomain (377ms)
		LoadAssemblies (434ms)
		RebuildTransferFunctionScriptingTraits (0ms)
		AnalyzeDomain (22ms)
			TypeCache.Refresh (8ms)
				TypeCache.ScanAssembly (0ms)
			ScanForSourceGeneratedMonoScriptInfo (7ms)
			ResolveRequiredComponents (5ms)
	FinalizeReload (1095ms)
		ReleaseScriptCaches (0ms)
		RebuildScriptCaches (0ms)
		SetupLoadedEditorAssemblies (320ms)
			LogAssemblyErrors (0ms)
			InitializePlatformSupportModulesInManaged (4ms)
			SetLoadedEditorAssemblies (4ms)
			RefreshPlugins (0ms)
			BeforeProcessingInitializeOnLoad (51ms)
			ProcessInitializeOnLoadAttributes (241ms)
			ProcessInitializeOnLoadMethodAttributes (17ms)
			AfterProcessingInitializeOnLoad (3ms)
			EditorAssembliesLoaded (0ms)
		ExecutionOrderSort2 (0ms)
		AwakeInstancesAfterBackupRestoration (9ms)
Refreshing native plugins compatible for Editor in 4.00 ms, found 3 plugins.
Preloading 0 native plugins for Editor in 0.00 ms.
Unloading 3085 Unused Serialized files (Serialized files now loaded: 0)
Unloading 179 unused Assets / (111.7 KB). Loaded Objects now: 3625.
Memory consumption went from 132.6 MB to 132.5 MB.
Total: 2.617200 ms (FindLiveObjects: 0.219800 ms CreateObjectMapping: 0.124300 ms MarkObjects: 2.123900 ms  DeleteObjects: 0.148500 ms)

Prepare: number of updated asset objects reloaded= 0
AssetImportParameters requested are different than current active one (requested -> active):
  custom:container-demuxer-ogg: 62fdf1f143b41e24485cea50d1cbac27 -> 
  custom:video-codec-MediaFoundation-h265: 746d11721c4dcdbdad8f713fa42b33f4 -> 
  custom:video-decoder-ogg-theora: a1e56fd34408186e4bbccfd4996cb3dc -> 
  custom:framework-win-MediaFoundation: 216162199b28c13a410421893ffa2e32 -> 
  custom:CustomObjectIndexerAttribute: 9a22284fe3817be447336de3de66b15e -> 
  custom:container-demuxer-webm: 4f35f7cbe854078d1ac9338744f61a02 -> 
  custom:container-muxer-webm: aa71ff27fc2769a1b78a27578f13a17b -> 
  custom:video-decoder-webm-vp8: 9c59270c3fd7afecdb556c50c9e8de78 -> 
  custom:SearchIndexIgnoredProperties: e643bd26f0fe6173181afceb89e7c659 -> 
  custom:AudioImporter_EditorPlatform: d09bf68614088b80899f8185d706f6e7 -> 
  custom:video-encoder-webm-vp8: eb34c28f22e8b96e1ab97ce403110664 -> 
  custom:audio-decoder-ogg-vorbis: bf7c407c2cedff20999df2af8eb42d56 -> 
  custom:audio-encoder-webm-vorbis: bf7c407c2cedff20999df2af8eb42d56 -> 
========================================================================
Received Import Request.
  Time since last request: 104.346640 seconds.
  path: Assets
  artifactKey: Guid(00000000000000001000000000000000) Importer(815301076,1909f56bfc062723c751e8b465ee728b)
Start importing Assets using Guid(00000000000000001000000000000000) Importer(815301076,1909f56bfc062723c751e8b465ee728b)  -> (artifact id: '8a4fe85251aa2e89732c359432baa2c3') in 0.001463 seconds
Number of updated asset objects reloaded before import = 0
Number of asset objects unloaded after import = 0
========================================================================
Received Import Request.
  Time since last request: 11.232117 seconds.
  path: Assets/OSC
  artifactKey: Guid(798b34fb54888be47801b6fd64f1a133) Importer(815301076,1909f56bfc062723c751e8b465ee728b)
Start importing Assets/OSC using Guid(798b34fb54888be47801b6fd64f1a133) Importer(815301076,1909f56bfc062723c751e8b465ee728b)  -> (artifact id: '79f91a3c5fc5e86fa3d74005f7eec45d') in 0.000398 seconds
Number of updated asset objects reloaded before import = 0
Number of asset objects unloaded after import = 0
========================================================================
Received Import Request.
  Time since last request: 23.879680 seconds.
  path: Assets/OSC/OSCBundle.cs
  artifactKey: Guid(a8b36a6b523dae841abe55058d14d9a7) Importer(815301076,1909f56bfc062723c751e8b465ee728b)
Start importing Assets/OSC/OSCBundle.cs using Guid(a8b36a6b523dae841abe55058d14d9a7) Importer(815301076,1909f56bfc062723c751e8b465ee728b)  -> (artifact id: '658ebe1abc49b402bf26182c92eced44') in 0.000441 seconds
Number of updated asset objects reloaded before import = 0
Number of asset objects unloaded after import = 0
========================================================================
Received Prepare
Begin MonoManager ReloadAssembly
- Loaded All Assemblies, in  0.447 seconds
Refreshing native plugins compatible for Editor in 4.29 ms, found 3 plugins.
Native extension for WindowsStandalone target not found
[Package Manager] Server::EnsureServerProcessIsRunning -- launch failed, reason: Unity was launched with the -noUpm command-line argument
[Package Manager] UpmClient::Send -- Unable to send message (not connected to UPM process).
[Package Manager] Cannot connect to Unity Package Manager local server
Mono: successfully reloaded assembly
- Finished resetting the current domain, in  1.069 seconds
Domain Reload Profiling: 1514ms
	BeginReloadAssembly (153ms)
		ExecutionOrderSort (0ms)
		DisableScriptedObjects (5ms)
		BackupInstance (0ms)
		ReleaseScriptingObjects (0ms)
		CreateAndSetChildDomain (35ms)
	RebuildCommonClasses (34ms)
	RebuildNativeTypeToScriptingClass (11ms)
	initialDomainReloadingComplete (29ms)
	LoadAllAssembliesAndSetupDomain (217ms)
		LoadAssemblies (276ms)
		RebuildTransferFunctionScriptingTraits (0ms)
		AnalyzeDomain (24ms)
			TypeCache.Refresh (9ms)
				TypeCache.ScanAssembly (0ms)
			ScanForSourceGeneratedMonoScriptInfo (8ms)
			ResolveRequiredComponents (6ms)
	FinalizeReload (1070ms)
		ReleaseScriptCaches (0ms)
		RebuildScriptCaches (0ms)
		SetupLoadedEditorAssemblies (383ms)
			LogAssemblyErrors (0ms)
			InitializePlatformSupportModulesInManaged (7ms)
			SetLoadedEditorAssemblies (6ms)
			RefreshPlugins (0ms)
			BeforeProcessingInitializeOnLoad (63ms)
			ProcessInitializeOnLoadAttributes (278ms)
			ProcessInitializeOnLoadMethodAttributes (26ms)
			AfterProcessingInitializeOnLoad (2ms)
			EditorAssembliesLoaded (0ms)
		ExecutionOrderSort2 (0ms)
		AwakeInstancesAfterBackupRestoration (11ms)
Refreshing native plugins compatible for Editor in 4.22 ms, found 3 plugins.
Preloading 0 native plugins for Editor in 0.00 ms.
Unloading 3086 Unused Serialized files (Serialized files now loaded: 0)
Unloading 23 unused Assets / (31.2 KB). Loaded Objects now: 3629.
Memory consumption went from 134.4 MB to 134.4 MB.
Total: 2.504100 ms (FindLiveObjects: 0.233500 ms CreateObjectMapping: 0.189700 ms MarkObjects: 2.040200 ms  DeleteObjects: 0.039900 ms)

Prepare: number of updated asset objects reloaded= 0
AssetImportParameters requested are different than current active one (requested -> active):
  custom:container-demuxer-ogg: 62fdf1f143b41e24485cea50d1cbac27 -> 
  custom:video-codec-MediaFoundation-h265: 746d11721c4dcdbdad8f713fa42b33f4 -> 
  custom:video-decoder-ogg-theora: a1e56fd34408186e4bbccfd4996cb3dc -> 
  custom:framework-win-MediaFoundation: 216162199b28c13a410421893ffa2e32 -> 
  custom:CustomObjectIndexerAttribute: 9a22284fe3817be447336de3de66b15e -> 
  custom:container-demuxer-webm: 4f35f7cbe854078d1ac9338744f61a02 -> 
  custom:container-muxer-webm: aa71ff27fc2769a1b78a27578f13a17b -> 
  custom:video-decoder-webm-vp8: 9c59270c3fd7afecdb556c50c9e8de78 -> 
  custom:SearchIndexIgnoredProperties: e643bd26f0fe6173181afceb89e7c659 -> 
  custom:AudioImporter_EditorPlatform: d09bf68614088b80899f8185d706f6e7 -> 
  custom:video-encoder-webm-vp8: eb34c28f22e8b96e1ab97ce403110664 -> 
  custom:audio-decoder-ogg-vorbis: bf7c407c2cedff20999df2af8eb42d56 -> 
  custom:audio-encoder-webm-vorbis: bf7c407c2cedff20999df2af8eb42d56 -> 
========================================================================
Received Import Request.
  Time since last request: 13.504123 seconds.
  path: Assets/OSC/OSCBundle.cs
  artifactKey: Guid(a8b36a6b523dae841abe55058d14d9a7) Importer(815301076,1909f56bfc062723c751e8b465ee728b)
Start importing Assets/OSC/OSCBundle.cs using Guid(a8b36a6b523dae841abe55058d14d9a7) Importer(815301076,1909f56bfc062723c751e8b465ee728b)  -> (artifact id: '6851bae8286b109a6020330625e2df09') in 0.001786 seconds
Number of updated asset objects reloaded before import = 0
Number of asset objects unloaded after import = 0
========================================================================
Received Import Request.
  Time since last request: 10.431684 seconds.
  path: Assets/OSC/OSCBundle.cs
  artifactKey: Guid(a8b36a6b523dae841abe55058d14d9a7) Importer(815301076,1909f56bfc062723c751e8b465ee728b)
Start importing Assets/OSC/OSCBundle.cs using Guid(a8b36a6b523dae841abe55058d14d9a7) Importer(815301076,1909f56bfc062723c751e8b465ee728b)  -> (artifact id: '703f083c4dfc54dca929106fc34d7445') in 0.000450 seconds
Number of updated asset objects reloaded before import = 0
Number of asset objects unloaded after import = 0
========================================================================
Received Import Request.
  Time since last request: 34.086155 seconds.
  path: Assets/OSC/OSCClient.cs
  artifactKey: Guid(330d186b207d9b54d95ff76b8eac3266) Importer(815301076,1909f56bfc062723c751e8b465ee728b)
Start importing Assets/OSC/OSCClient.cs using Guid(330d186b207d9b54d95ff76b8eac3266) Importer(815301076,1909f56bfc062723c751e8b465ee728b)  -> (artifact id: 'a9a568ccdeb9360b08775f0bfec2eb96') in 0.000495 seconds
Number of updated asset objects reloaded before import = 0
Number of asset objects unloaded after import = 0
========================================================================
Received Import Request.
  Time since last request: 8.287746 seconds.
  path: Assets/OSC/OSCClient.cs
  artifactKey: Guid(330d186b207d9b54d95ff76b8eac3266) Importer(815301076,1909f56bfc062723c751e8b465ee728b)
Start importing Assets/OSC/OSCClient.cs using Guid(330d186b207d9b54d95ff76b8eac3266) Importer(815301076,1909f56bfc062723c751e8b465ee728b)  -> (artifact id: '6d2b27efa450e96915316aaa163133a4') in 0.000674 seconds
Number of updated asset objects reloaded before import = 0
Number of asset objects unloaded after import = 0
========================================================================
Received Import Request.
  Time since last request: 22.566335 seconds.
  path: Assets/OSC/OSCMessage.cs
  artifactKey: Guid(f8e10c7cefbfa3e4a8253bef149760e0) Importer(815301076,1909f56bfc062723c751e8b465ee728b)
Start importing Assets/OSC/OSCMessage.cs using Guid(f8e10c7cefbfa3e4a8253bef149760e0) Importer(815301076,1909f56bfc062723c751e8b465ee728b)  -> (artifact id: '9b002fc0d3d31bf08a014bfdcaf5136c') in 0.000462 seconds
Number of updated asset objects reloaded before import = 0
Number of asset objects unloaded after import = 0
========================================================================
Received Import Request.
  Time since last request: 8.345358 seconds.
  path: Assets/OSC/OSCMessage.cs
  artifactKey: Guid(f8e10c7cefbfa3e4a8253bef149760e0) Importer(815301076,1909f56bfc062723c751e8b465ee728b)
Start importing Assets/OSC/OSCMessage.cs using Guid(f8e10c7cefbfa3e4a8253bef149760e0) Importer(815301076,1909f56bfc062723c751e8b465ee728b)  -> (artifact id: 'f1d72acc176da62818c2d0aef66fd654') in 0.000478 seconds
Number of updated asset objects reloaded before import = 0
Number of asset objects unloaded after import = 0
========================================================================
Received Import Request.
  Time since last request: 21.954459 seconds.
  path: Assets/OSC/OSCPacket.cs
  artifactKey: Guid(5320f30e79af03143b06dd80e4ef8c83) Importer(815301076,1909f56bfc062723c751e8b465ee728b)
Start importing Assets/OSC/OSCPacket.cs using Guid(5320f30e79af03143b06dd80e4ef8c83) Importer(815301076,1909f56bfc062723c751e8b465ee728b)  -> (artifact id: '227182bdd536ca5cf9c86fb40b1e0757') in 0.000506 seconds
Number of updated asset objects reloaded before import = 0
Number of asset objects unloaded after import = 0
========================================================================
Received Import Request.
  Time since last request: 8.925994 seconds.
  path: Assets/OSC/OSCPacket.cs
  artifactKey: Guid(5320f30e79af03143b06dd80e4ef8c83) Importer(815301076,1909f56bfc062723c751e8b465ee728b)
Start importing Assets/OSC/OSCPacket.cs using Guid(5320f30e79af03143b06dd80e4ef8c83) Importer(815301076,1909f56bfc062723c751e8b465ee728b)  -> (artifact id: '26e982c99d7278d9486b53192dd8df9b') in 0.000589 seconds
Number of updated asset objects reloaded before import = 0
Number of asset objects unloaded after import = 0
========================================================================
Received Import Request.
  Time since last request: 31.620463 seconds.
  path: Assets/OSC/OSCReciever.cs
  artifactKey: Guid(00a0601aa1902d845ad8ed05c1f36e44) Importer(815301076,1909f56bfc062723c751e8b465ee728b)
Start importing Assets/OSC/OSCReciever.cs using Guid(00a0601aa1902d845ad8ed05c1f36e44) Importer(815301076,1909f56bfc062723c751e8b465ee728b)  -> (artifact id: 'f2df44398262e3c8892f1b73cc6fdf9b') in 0.000543 seconds
Number of updated asset objects reloaded before import = 0
Number of asset objects unloaded after import = 0
========================================================================
Received Import Request.
  Time since last request: 7.945126 seconds.
  path: Assets/OSC/OSCReciever.cs
  artifactKey: Guid(00a0601aa1902d845ad8ed05c1f36e44) Importer(815301076,1909f56bfc062723c751e8b465ee728b)
Start importing Assets/OSC/OSCReciever.cs using Guid(00a0601aa1902d845ad8ed05c1f36e44) Importer(815301076,1909f56bfc062723c751e8b465ee728b)  -> (artifact id: 'bed9cedd6bc06998e41a67b0c768ee56') in 0.000443 seconds
Number of updated asset objects reloaded before import = 0
Number of asset objects unloaded after import = 0
========================================================================
Received Import Request.
  Time since last request: 20.243152 seconds.
  path: Assets/OSC/OSCServer.cs
  artifactKey: Guid(d06b5fe3958545d4092dc44830756f59) Importer(815301076,1909f56bfc062723c751e8b465ee728b)
Start importing Assets/OSC/OSCServer.cs using Guid(d06b5fe3958545d4092dc44830756f59) Importer(815301076,1909f56bfc062723c751e8b465ee728b)  -> (artifact id: '68016e10b3a741451a5c578aca4be5c9') in 0.000509 seconds
Number of updated asset objects reloaded before import = 0
Number of asset objects unloaded after import = 0
========================================================================
Received Import Request.
  Time since last request: 11.938870 seconds.
  path: Assets/OSC/OSCServer.cs
  artifactKey: Guid(d06b5fe3958545d4092dc44830756f59) Importer(815301076,1909f56bfc062723c751e8b465ee728b)
Start importing Assets/OSC/OSCServer.cs using Guid(d06b5fe3958545d4092dc44830756f59) Importer(815301076,1909f56bfc062723c751e8b465ee728b)  -> (artifact id: '1d92fbbc89ef715eff449f2af210ff66') in 0.000454 seconds
Number of updated asset objects reloaded before import = 0
Number of asset objects unloaded after import = 0
========================================================================
Received Prepare
Begin MonoManager ReloadAssembly
- Loaded All Assemblies, in  0.528 seconds
Refreshing native plugins compatible for Editor in 4.03 ms, found 3 plugins.
Native extension for WindowsStandalone target not found
[Package Manager] Server::EnsureServerProcessIsRunning -- launch failed, reason: Unity was launched with the -noUpm command-line argument
[Package Manager] UpmClient::Send -- Unable to send message (not connected to UPM process).
[Package Manager] Cannot connect to Unity Package Manager local server
Mono: successfully reloaded assembly
- Finished resetting the current domain, in  1.058 seconds
Domain Reload Profiling: 1584ms
	BeginReloadAssembly (131ms)
		ExecutionOrderSort (0ms)
		DisableScriptedObjects (4ms)
		BackupInstance (0ms)
		ReleaseScriptingObjects (0ms)
		CreateAndSetChildDomain (30ms)
	RebuildCommonClasses (29ms)
	RebuildNativeTypeToScriptingClass (10ms)
	initialDomainReloadingComplete (22ms)
	LoadAllAssembliesAndSetupDomain (334ms)
		LoadAssemblies (384ms)
		RebuildTransferFunctionScriptingTraits (0ms)
		AnalyzeDomain (19ms)
			TypeCache.Refresh (7ms)
				TypeCache.ScanAssembly (0ms)
			ScanForSourceGeneratedMonoScriptInfo (6ms)
			ResolveRequiredComponents (5ms)
	FinalizeReload (1059ms)
		ReleaseScriptCaches (0ms)
		RebuildScriptCaches (0ms)
		SetupLoadedEditorAssemblies (321ms)
			LogAssemblyErrors (0ms)
			InitializePlatformSupportModulesInManaged (4ms)
			SetLoadedEditorAssemblies (3ms)
			RefreshPlugins (0ms)
			BeforeProcessingInitializeOnLoad (50ms)
			ProcessInitializeOnLoadAttributes (243ms)
			ProcessInitializeOnLoadMethodAttributes (19ms)
			AfterProcessingInitializeOnLoad (3ms)
			EditorAssembliesLoaded (0ms)
		ExecutionOrderSort2 (0ms)
		AwakeInstancesAfterBackupRestoration (10ms)
Refreshing native plugins compatible for Editor in 4.23 ms, found 3 plugins.
Preloading 0 native plugins for Editor in 0.00 ms.
Unloading 3091 Unused Serialized files (Serialized files now loaded: 0)
Unloading 23 unused Assets / (31.2 KB). Loaded Objects now: 3637.
Memory consumption went from 136.5 MB to 136.4 MB.
Total: 2.462700 ms (FindLiveObjects: 0.230400 ms CreateObjectMapping: 0.191700 ms MarkObjects: 2.000200 ms  DeleteObjects: 0.039800 ms)

Prepare: number of updated asset objects reloaded= 0
AssetImportParameters requested are different than current active one (requested -> active):
  custom:container-demuxer-ogg: 62fdf1f143b41e24485cea50d1cbac27 -> 
  custom:video-codec-MediaFoundation-h265: 746d11721c4dcdbdad8f713fa42b33f4 -> 
  custom:video-decoder-ogg-theora: a1e56fd34408186e4bbccfd4996cb3dc -> 
  custom:framework-win-MediaFoundation: 216162199b28c13a410421893ffa2e32 -> 
  custom:CustomObjectIndexerAttribute: 9a22284fe3817be447336de3de66b15e -> 
  custom:container-demuxer-webm: 4f35f7cbe854078d1ac9338744f61a02 -> 
  custom:container-muxer-webm: aa71ff27fc2769a1b78a27578f13a17b -> 
  custom:video-decoder-webm-vp8: 9c59270c3fd7afecdb556c50c9e8de78 -> 
  custom:SearchIndexIgnoredProperties: e643bd26f0fe6173181afceb89e7c659 -> 
  custom:AudioImporter_EditorPlatform: d09bf68614088b80899f8185d706f6e7 -> 
  custom:video-encoder-webm-vp8: eb34c28f22e8b96e1ab97ce403110664 -> 
  custom:audio-decoder-ogg-vorbis: bf7c407c2cedff20999df2af8eb42d56 -> 
  custom:audio-encoder-webm-vorbis: bf7c407c2cedff20999df2af8eb42d56 -> 
========================================================================
Received Import Request.
  Time since last request: 15.273526 seconds.
  path: Assets/OSC/OSCServer.cs
  artifactKey: Guid(d06b5fe3958545d4092dc44830756f59) Importer(815301076,1909f56bfc062723c751e8b465ee728b)
Start importing Assets/OSC/OSCServer.cs using Guid(d06b5fe3958545d4092dc44830756f59) Importer(815301076,1909f56bfc062723c751e8b465ee728b)  -> (artifact id: '4f043cb9affe6dbb0ea4b0705851f4d6') in 0.001681 seconds
Number of updated asset objects reloaded before import = 0
Number of asset objects unloaded after import = 0
========================================================================
Received Import Request.
  Time since last request: 44.097343 seconds.
  path: Assets/OSC/OSCBundle.cs
  artifactKey: Guid(a8b36a6b523dae841abe55058d14d9a7) Importer(815301076,1909f56bfc062723c751e8b465ee728b)
Start importing Assets/OSC/OSCBundle.cs using Guid(a8b36a6b523dae841abe55058d14d9a7) Importer(815301076,1909f56bfc062723c751e8b465ee728b)  -> (artifact id: '7f3c4ba801776333a7146d6574a2e855') in 0.000466 seconds
Number of updated asset objects reloaded before import = 0
Number of asset objects unloaded after import = 0
========================================================================
Received Import Request.
  Time since last request: 55.460925 seconds.
  path: Assets/Scripts
  artifactKey: Guid(794ec3b675dc7294c819956008be6f2b) Importer(815301076,1909f56bfc062723c751e8b465ee728b)
Start importing Assets/Scripts using Guid(794ec3b675dc7294c819956008be6f2b) Importer(815301076,1909f56bfc062723c751e8b465ee728b)  -> (artifact id: 'c64b16751b7a4b9ab9dd212bb5714c12') in 0.000383 seconds
Number of updated asset objects reloaded before import = 0
Number of asset objects unloaded after import = 0
========================================================================
Received Prepare
Begin MonoManager ReloadAssembly
- Loaded All Assemblies, in  0.386 seconds
Refreshing native plugins compatible for Editor in 4.38 ms, found 3 plugins.
Native extension for WindowsStandalone target not found
[Package Manager] Server::EnsureServerProcessIsRunning -- launch failed, reason: Unity was launched with the -noUpm command-line argument
[Package Manager] UpmClient::Send -- Unable to send message (not connected to UPM process).
[Package Manager] Cannot connect to Unity Package Manager local server
Mono: successfully reloaded assembly
- Finished resetting the current domain, in  0.856 seconds
Domain Reload Profiling: 1240ms
	BeginReloadAssembly (141ms)
		ExecutionOrderSort (0ms)
		DisableScriptedObjects (5ms)
		BackupInstance (0ms)
		ReleaseScriptingObjects (0ms)
		CreateAndSetChildDomain (31ms)
	RebuildCommonClasses (28ms)
	RebuildNativeTypeToScriptingClass (10ms)
	initialDomainReloadingComplete (21ms)
	LoadAllAssembliesAndSetupDomain (183ms)
		LoadAssemblies (242ms)
		RebuildTransferFunctionScriptingTraits (0ms)
		AnalyzeDomain (19ms)
			TypeCache.Refresh (7ms)
				TypeCache.ScanAssembly (0ms)
			ScanForSourceGeneratedMonoScriptInfo (6ms)
			ResolveRequiredComponents (5ms)
	FinalizeReload (856ms)
		ReleaseScriptCaches (0ms)
		RebuildScriptCaches (0ms)
		SetupLoadedEditorAssemblies (318ms)
			LogAssemblyErrors (0ms)
			InitializePlatformSupportModulesInManaged (4ms)
			SetLoadedEditorAssemblies (2ms)
			RefreshPlugins (0ms)
			BeforeProcessingInitializeOnLoad (48ms)
			ProcessInitializeOnLoadAttributes (244ms)
			ProcessInitializeOnLoadMethodAttributes (17ms)
			AfterProcessingInitializeOnLoad (3ms)
			EditorAssembliesLoaded (0ms)
		ExecutionOrderSort2 (0ms)
		AwakeInstancesAfterBackupRestoration (10ms)
Refreshing native plugins compatible for Editor in 3.89 ms, found 3 plugins.
Preloading 0 native plugins for Editor in 0.00 ms.
Unloading 3091 Unused Serialized files (Serialized files now loaded: 0)
Unloading 23 unused Assets / (31.2 KB). Loaded Objects now: 3640.
Memory consumption went from 138.4 MB to 138.3 MB.
Total: 2.285900 ms (FindLiveObjects: 0.231500 ms CreateObjectMapping: 0.129200 ms MarkObjects: 1.891500 ms  DeleteObjects: 0.033100 ms)

Prepare: number of updated asset objects reloaded= 0
AssetImportParameters requested are different than current active one (requested -> active):
  custom:container-demuxer-ogg: 62fdf1f143b41e24485cea50d1cbac27 -> 
  custom:video-codec-MediaFoundation-h265: 746d11721c4dcdbdad8f713fa42b33f4 -> 
  custom:video-decoder-ogg-theora: a1e56fd34408186e4bbccfd4996cb3dc -> 
  custom:framework-win-MediaFoundation: 216162199b28c13a410421893ffa2e32 -> 
  custom:CustomObjectIndexerAttribute: 9a22284fe3817be447336de3de66b15e -> 
  custom:container-demuxer-webm: 4f35f7cbe854078d1ac9338744f61a02 -> 
  custom:container-muxer-webm: aa71ff27fc2769a1b78a27578f13a17b -> 
  custom:video-decoder-webm-vp8: 9c59270c3fd7afecdb556c50c9e8de78 -> 
  custom:SearchIndexIgnoredProperties: e643bd26f0fe6173181afceb89e7c659 -> 
  custom:AudioImporter_EditorPlatform: d09bf68614088b80899f8185d706f6e7 -> 
  custom:video-encoder-webm-vp8: eb34c28f22e8b96e1ab97ce403110664 -> 
  custom:audio-decoder-ogg-vorbis: bf7c407c2cedff20999df2af8eb42d56 -> 
  custom:audio-encoder-webm-vorbis: bf7c407c2cedff20999df2af8eb42d56 -> 
========================================================================
Received Import Request.
  Time since last request: 10.329806 seconds.
  path: Assets/Scripts/New Folder
  artifactKey: Guid(a8edf74e23941fe4fa2fbe17f6e27b3f) Importer(815301076,1909f56bfc062723c751e8b465ee728b)
Start importing Assets/Scripts/New Folder using Guid(a8edf74e23941fe4fa2fbe17f6e27b3f) Importer(815301076,1909f56bfc062723c751e8b465ee728b)  -> (artifact id: 'fb6aa0c992cde64fa2d9aef8d1e31dfa') in 0.001500 seconds
Number of updated asset objects reloaded before import = 0
Number of asset objects unloaded after import = 0
========================================================================
Received Import Request.
  Time since last request: 9.385864 seconds.
  path: Assets/Scripts/OSCHandler.cs
  artifactKey: Guid(ac0b6363345c0f4448a2c5ce636830ce) Importer(815301076,1909f56bfc062723c751e8b465ee728b)
Start importing Assets/Scripts/OSCHandler.cs using Guid(ac0b6363345c0f4448a2c5ce636830ce) Importer(815301076,1909f56bfc062723c751e8b465ee728b)  -> (artifact id: '0b785ffac6ac25b432c5602a57adc4d7') in 0.000439 seconds
Number of updated asset objects reloaded before import = 0
Number of asset objects unloaded after import = 0
========================================================================
Received Import Request.
  Time since last request: 12.806509 seconds.
  path: Assets/Scripts/OSCHandler.cs
  artifactKey: Guid(ac0b6363345c0f4448a2c5ce636830ce) Importer(815301076,1909f56bfc062723c751e8b465ee728b)
Start importing Assets/Scripts/OSCHandler.cs using Guid(ac0b6363345c0f4448a2c5ce636830ce) Importer(815301076,1909f56bfc062723c751e8b465ee728b)  -> (artifact id: '68a62021d6bc95f9faf78f0d6557796b') in 0.000470 seconds
Number of updated asset objects reloaded before import = 0
Number of asset objects unloaded after import = 0
========================================================================
Received Prepare
Begin MonoManager ReloadAssembly
- Loaded All Assemblies, in  0.398 seconds
Refreshing native plugins compatible for Editor in 4.03 ms, found 3 plugins.
